[33m[01m[05m[ You are changing the branch: lab5-2-Extra ][0m
Autotest: Begin at Thu Jun  9 15:45:08 CST 2022
Beginning exam test >>>>>>>>>


Begin build at Thu Jun  9 15:45:09 CST 2022
Cleanning the project.................

for d in boot drivers init lib mm user fs;	\
	do					\
		make --directory=$d clean; \
	done; \
rm -rf *.o *~ gxemul/vmlinux gxemul/fs.img
make[1]: Entering directory '/usr/src/workdir/boot'
rm -rf *~ *.o
make[1]: Leaving directory '/usr/src/workdir/boot'
make[1]: Entering directory '/usr/src/workdir/drivers'
for d in gxconsole; \
	do				\
		make --directory=$d clean; \
	done
make[2]: Entering directory '/usr/src/workdir/drivers/gxconsole'
rm -rf *.o *~
make[2]: Leaving directory '/usr/src/workdir/drivers/gxconsole'
make[1]: Leaving directory '/usr/src/workdir/drivers'
make[1]: Entering directory '/usr/src/workdir/init'
rm -rf *~ *.o
make[1]: Leaving directory '/usr/src/workdir/init'
make[1]: Entering directory '/usr/src/workdir/lib'
rm -rf *~ *.o
make[1]: Leaving directory '/usr/src/workdir/lib'
make[1]: Entering directory '/usr/src/workdir/mm'
rm -rf *~ *.o
make[1]: Leaving directory '/usr/src/workdir/mm'
make[1]: Entering directory '/usr/src/workdir/user'
rm -rf *~ *.o *.b.c *.x *.b
make[1]: Leaving directory '/usr/src/workdir/user'
make[1]: Entering directory '/usr/src/workdir/fs'
rm -rf *~ *.o *.b.c *.b *.x
make[1]: Leaving directory '/usr/src/workdir/fs'

Building the project..................

make --directory=boot
make[1]: Entering directory '/usr/src/workdir/boot'
/OSLAB/compiler/usr/bin/mips_4KC-gcc -O -G 0 -mno-abicalls -fno-builtin -Wa,-xgot -Wall -fPIC -march=r3000 -I../include/ -c start.S 
make[1]: Leaving directory '/usr/src/workdir/boot'
make --directory=drivers
make[1]: Entering directory '/usr/src/workdir/drivers'
make --directory=gxconsole
make[2]: Entering directory '/usr/src/workdir/drivers/gxconsole'
/OSLAB/compiler/usr/bin/mips_4KC-gcc -O -G 0 -mno-abicalls -fno-builtin -Wa,-xgot -Wall -fPIC -march=r3000   -c -o console.o console.c
make[2]: Leaving directory '/usr/src/workdir/drivers/gxconsole'
make[1]: Leaving directory '/usr/src/workdir/drivers'
make --directory=init
make[1]: Entering directory '/usr/src/workdir/init'
/OSLAB/compiler/usr/bin/mips_4KC-gcc -O -G 0 -mno-abicalls -fno-builtin -Wa,-xgot -Wall -fPIC -march=r3000 -I../include -c init.c
/OSLAB/compiler/usr/bin/mips_4KC-gcc -O -G 0 -mno-abicalls -fno-builtin -Wa,-xgot -Wall -fPIC -march=r3000 -I../include -c main.c
/OSLAB/compiler/usr/bin/mips_4KC-gcc -O -G 0 -mno-abicalls -fno-builtin -Wa,-xgot -Wall -fPIC -march=r3000 -I../include -c code.c
/OSLAB/compiler/usr/bin/mips_4KC-gcc -O -G 0 -mno-abicalls -fno-builtin -Wa,-xgot -Wall -fPIC -march=r3000 -I../include -c check_icode.c
make[1]: Leaving directory '/usr/src/workdir/init'
make --directory=lib
make[1]: Entering directory '/usr/src/workdir/lib'
/OSLAB/compiler/usr/bin/mips_4KC-gcc -O -G 0 -mno-abicalls -fno-builtin -Wa,-xgot -Wall -fPIC -march=r3000 -I./ -I../ -I../include/ -c kernel_elfloader.c
/OSLAB/compiler/usr/bin/mips_4KC-gcc -O -G 0 -mno-abicalls -fno-builtin -Wa,-xgot -Wall -fPIC -march=r3000 -I./ -I../ -I../include/ -c env.c
env.c: In function 'env_alloc':
env.c:227: warning: unused variable 'r'
env.c: In function 'env_run':
env.c:527: warning: passing argument 1 of 'lcontext' makes integer from pointer without a cast
env.c: In function 'load_icode_check':
env.c:624: warning: unused variable 'paddr'
/OSLAB/compiler/usr/bin/mips_4KC-gcc -O -G 0 -mno-abicalls -fno-builtin -Wa,-xgot -Wall -fPIC -march=r3000 -I./ -I../ -I../include/ -c print.c
/OSLAB/compiler/usr/bin/mips_4KC-gcc -O -G 0 -mno-abicalls -fno-builtin -Wa,-xgot -Wall -fPIC -march=r3000 -I./ -I../ -I../include/ -c printf.c
/OSLAB/compiler/usr/bin/mips_4KC-gcc -O -G 0 -mno-abicalls -fno-builtin -Wa,-xgot -Wall -fPIC -march=r3000 -I./ -I../ -I../include/ -c sched.c
/OSLAB/compiler/usr/bin/mips_4KC-gcc -O -G 0 -mno-abicalls -fno-builtin -Wa,-xgot -Wall -fPIC -march=r3000 -I./ -I../ -I../include/ -c env_asm.S
env_asm.S: Assembler messages:
env_asm.S:62: Warning: Used $at without ".set noat"
/OSLAB/compiler/usr/bin/mips_4KC-gcc -O -G 0 -mno-abicalls -fno-builtin -Wa,-xgot -Wall -fPIC -march=r3000 -I./ -I../ -I../include/ -c kclock.c
/OSLAB/compiler/usr/bin/mips_4KC-gcc -O -G 0 -mno-abicalls -fno-builtin -Wa,-xgot -Wall -fPIC -march=r3000 -I./ -I../ -I../include/ -c traps.c
/OSLAB/compiler/usr/bin/mips_4KC-gcc -O -G 0 -mno-abicalls -fno-builtin -Wa,-xgot -Wall -fPIC -march=r3000 -I./ -I../ -I../include/ -c genex.S
/OSLAB/compiler/usr/bin/mips_4KC-gcc -O -G 0 -mno-abicalls -fno-builtin -Wa,-xgot -Wall -fPIC -march=r3000 -I./ -I../ -I../include/ -c kclock_asm.S
/OSLAB/compiler/usr/bin/mips_4KC-gcc -O -G 0 -mno-abicalls -fno-builtin -Wa,-xgot -Wall -fPIC -march=r3000 -I./ -I../ -I../include/ -c syscall.S
syscall.S: Assembler messages:
syscall.S:9: Warning: Used $at without ".set noat"
/OSLAB/compiler/usr/bin/mips_4KC-gcc -O -G 0 -mno-abicalls -fno-builtin -Wa,-xgot -Wall -fPIC -march=r3000 -I./ -I../ -I../include/ -c syscall_all.c
syscall_all.c: In function 'sys_putchar':
syscall_all.c:19: warning: implicit declaration of function 'printcharc'
/OSLAB/compiler/usr/bin/mips_4KC-gcc -O -G 0 -mno-abicalls -fno-builtin -Wa,-xgot -Wall -fPIC -march=r3000 -I./ -I../ -I../include/ -c getc.S
make[1]: Leaving directory '/usr/src/workdir/lib'
make --directory=mm
make[1]: Entering directory '/usr/src/workdir/mm'
/OSLAB/compiler/usr/bin/mips_4KC-gcc -O -G 0 -mno-abicalls -fno-builtin -Wa,-xgot -Wall -fPIC -march=r3000 -I./ -I../ -I../include/ -c pmap.c
pmap.c: In function 'boot_map_segment':
pmap.c:127: warning: unused variable 'va_temp'
pmap.c: In function 'page_alloc':
pmap.c:241: warning: passing argument 1 of 'bzero' makes pointer from integer without a cast
/OSLAB/compiler/usr/bin/mips_4KC-gcc -O -G 0 -mno-abicalls -fno-builtin -Wa,-xgot -Wall -fPIC -march=r3000 -I./ -I../ -I../include/ -c tlb_asm.S
make[1]: Leaving directory '/usr/src/workdir/mm'
make --directory=user
make[1]: Entering directory '/usr/src/workdir/user'
echo as entry.S
as entry.S
/OSLAB/compiler/usr/bin/mips_4KC-gcc -O -G 0 -mno-abicalls -fno-builtin -Wa,-xgot -Wall -fPIC -march=r3000 -I../include/ -c -o entry.o entry.S
entry.S: Assembler messages:
entry.S:104: Warning: Used $at without ".set noat"
echo as syscall_wrap.S
as syscall_wrap.S
/OSLAB/compiler/usr/bin/mips_4KC-gcc -O -G 0 -mno-abicalls -fno-builtin -Wa,-xgot -Wall -fPIC -march=r3000 -I../include/ -c -o syscall_wrap.o syscall_wrap.S
echo user1 cc printf.c
user1 cc printf.c
/OSLAB/compiler/usr/bin/mips_4KC-gcc -O -G 0 -mno-abicalls -fno-builtin -Wa,-xgot -Wall -fPIC -march=r3000 -I../include/ -c -o printf.o printf.c
echo user1 cc print.c
user1 cc print.c
/OSLAB/compiler/usr/bin/mips_4KC-gcc -O -G 0 -mno-abicalls -fno-builtin -Wa,-xgot -Wall -fPIC -march=r3000 -I../include/ -c -o print.o print.c
echo user1 cc libos.c
user1 cc libos.c
/OSLAB/compiler/usr/bin/mips_4KC-gcc -O -G 0 -mno-abicalls -fno-builtin -Wa,-xgot -Wall -fPIC -march=r3000 -I../include/ -c -o libos.o libos.c
echo user1 cc fork.c
user1 cc fork.c
/OSLAB/compiler/usr/bin/mips_4KC-gcc -O -G 0 -mno-abicalls -fno-builtin -Wa,-xgot -Wall -fPIC -march=r3000 -I../include/ -c -o fork.o fork.c
echo user1 cc pgfault.c
user1 cc pgfault.c
/OSLAB/compiler/usr/bin/mips_4KC-gcc -O -G 0 -mno-abicalls -fno-builtin -Wa,-xgot -Wall -fPIC -march=r3000 -I../include/ -c -o pgfault.o pgfault.c
echo user1 cc syscall_lib.c
user1 cc syscall_lib.c
/OSLAB/compiler/usr/bin/mips_4KC-gcc -O -G 0 -mno-abicalls -fno-builtin -Wa,-xgot -Wall -fPIC -march=r3000 -I../include/ -c -o syscall_lib.o syscall_lib.c
echo user1 cc ipc.c
user1 cc ipc.c
/OSLAB/compiler/usr/bin/mips_4KC-gcc -O -G 0 -mno-abicalls -fno-builtin -Wa,-xgot -Wall -fPIC -march=r3000 -I../include/ -c -o ipc.o ipc.c
echo user1 cc string.c
user1 cc string.c
/OSLAB/compiler/usr/bin/mips_4KC-gcc -O -G 0 -mno-abicalls -fno-builtin -Wa,-xgot -Wall -fPIC -march=r3000 -I../include/ -c -o string.o string.c
echo user1 cc fd.c
user1 cc fd.c
/OSLAB/compiler/usr/bin/mips_4KC-gcc -O -G 0 -mno-abicalls -fno-builtin -Wa,-xgot -Wall -fPIC -march=r3000 -I../include/ -c -o fd.o fd.c
echo user1 cc pageref.c
user1 cc pageref.c
/OSLAB/compiler/usr/bin/mips_4KC-gcc -O -G 0 -mno-abicalls -fno-builtin -Wa,-xgot -Wall -fPIC -march=r3000 -I../include/ -c -o pageref.o pageref.c
echo user1 cc file.c
user1 cc file.c
/OSLAB/compiler/usr/bin/mips_4KC-gcc -O -G 0 -mno-abicalls -fno-builtin -Wa,-xgot -Wall -fPIC -march=r3000 -I../include/ -c -o file.o file.c
file.c: In function 'open':
file.c:53: warning: implicit declaration of function 'fsipc_create'
echo user1 cc pipe.c
user1 cc pipe.c
/OSLAB/compiler/usr/bin/mips_4KC-gcc -O -G 0 -mno-abicalls -fno-builtin -Wa,-xgot -Wall -fPIC -march=r3000 -I../include/ -c -o pipe.o pipe.c
pipe.c:6: warning: 'pipeclose' declared 'static' but never defined
pipe.c:7: warning: 'piperead' declared 'static' but never defined
pipe.c:8: warning: 'pipestat' declared 'static' but never defined
pipe.c:9: warning: 'pipewrite' declared 'static' but never defined
echo user1 cc fsipc.c
user1 cc fsipc.c
/OSLAB/compiler/usr/bin/mips_4KC-gcc -O -G 0 -mno-abicalls -fno-builtin -Wa,-xgot -Wall -fPIC -march=r3000 -I../include/ -c -o fsipc.o fsipc.c
echo user1 cc console.c
user1 cc console.c
/OSLAB/compiler/usr/bin/mips_4KC-gcc -O -G 0 -mno-abicalls -fno-builtin -Wa,-xgot -Wall -fPIC -march=r3000 -I../include/ -c -o console.o console.c
console.c:4: warning: 'cons_read' declared 'static' but never defined
console.c:5: warning: 'cons_write' declared 'static' but never defined
console.c:6: warning: 'cons_close' declared 'static' but never defined
console.c:7: warning: 'cons_stat' declared 'static' but never defined
echo user1 cc fprintf.c
user1 cc fprintf.c
/OSLAB/compiler/usr/bin/mips_4KC-gcc -O -G 0 -mno-abicalls -fno-builtin -Wa,-xgot -Wall -fPIC -march=r3000 -I../include/ -c -o fprintf.o fprintf.c
echo user1 cc fstest.c
user1 cc fstest.c
/OSLAB/compiler/usr/bin/mips_4KC-gcc -O -G 0 -mno-abicalls -fno-builtin -Wa,-xgot -Wall -fPIC -march=r3000 -I../include/ -c -o fstest.o fstest.c
fstest.c: In function 'umain':
fstest.c:10: warning: implicit declaration of function 'list_dir'
fstest.c:32: warning: passing argument 1 of 'syscall_read_dev' makes integer from pointer without a cast
echo ld fstest.b
ld fstest.b
/OSLAB/compiler/usr/bin/mips_4KC-ld -o fstest.b  -G 0 -static -n -nostdlib -T ./user.lds entry.o syscall_wrap.o fstest.o printf.o print.o libos.o fork.o pgfault.o syscall_lib.o ipc.o string.o fd.o pageref.o file.o pipe.o fsipc.o console.o fprintf.o
fstest.o: In function `umain':
fstest.c:(.text+0x14): undefined reference to `list_dir'
fstest.c:(.text+0x58): undefined reference to `list_dir'
fstest.c:(.text+0x9c): undefined reference to `list_dir'
fstest.c:(.text+0xe0): undefined reference to `list_dir'
make[1]: *** [Makefile:42: fstest.b] Error 1
rm fstest.o
make[1]: Leaving directory '/usr/src/workdir/user'
make: *** [Makefile:37: user] Error 2
Compile Error!
[31m[01m[ There is something wrong with you vmlinux. ][0m
[33m[01m[ You got 0 (of 100) this time. Thu Jun  9 15:45:14 CST 2022 ][0m
Autotest: End at Thu Jun  9 15:45:14 CST 2022
